[0502/124303.041:ERROR:process_reader_win.cc(123)] NtOpenThread: {ï¿½tkomst nekad} En process har begï¿½rt ï¿½tkomst till ett objekt, men har inte de rï¿½ttigheter som krï¿½vs. (0xc0000022)
[0502/124303.042:ERROR:exception_snapshot_win.cc(98)] thread ID 4316 not found in process
[0502/124842.357:ERROR:process_reader_win.cc(123)] NtOpenThread: {ï¿½tkomst nekad} En process har begï¿½rt ï¿½tkomst till ett objekt, men har inte de rï¿½ttigheter som krï¿½vs. (0xc0000022)
[0502/124842.358:ERROR:exception_snapshot_win.cc(98)] thread ID 8040 not found in process
[0502/124949.031:ERROR:process_reader_win.cc(123)] NtOpenThread: {ï¿½tkomst nekad} En process har begï¿½rt ï¿½tkomst till ett objekt, men har inte de rï¿½ttigheter som krï¿½vs. (0xc0000022)
[0502/124949.032:ERROR:exception_snapshot_win.cc(98)] thread ID 10496 not found in process
[0502/125022.584:ERROR:process_reader_win.cc(123)] NtOpenThread: {ï¿½tkomst nekad} En process har begï¿½rt ï¿½tkomst till ett objekt, men har inte de rï¿½ttigheter som krï¿½vs. (0xc0000022)
[0502/125022.585:ERROR:exception_snapshot_win.cc(98)] thread ID 8628 not found in process
[0502/125100.918:ERROR:process_reader_win.cc(123)] NtOpenThread: {ï¿½tkomst nekad} En process har begï¿½rt ï¿½tkomst till ett objekt, men har inte de rï¿½ttigheter som krï¿½vs. (0xc0000022)
[0502/125100.923:ERROR:exception_snapshot_win.cc(98)] thread ID 4532 not found in process
[0502/125138.687:ERROR:process_reader_win.cc(123)] NtOpenThread: {ï¿½tkomst nekad} En process har begï¿½rt ï¿½tkomst till ett objekt, men har inte de rï¿½ttigheter som krï¿½vs. (0xc0000022)
[0502/125138.689:ERROR:exception_snapshot_win.cc(98)] thread ID 1576 not found in process
[0502/125432.311:ERROR:process_reader_win.cc(123)] NtOpenThread: {ï¿½tkomst nekad} En process har begï¿½rt ï¿½tkomst till ett objekt, men har inte de rï¿½ttigheter som krï¿½vs. (0xc0000022)
[0502/125432.312:ERROR:exception_snapshot_win.cc(98)] thread ID 11644 not found in process
[0502/132253.264:ERROR:process_reader_win.cc(123)] NtOpenThread: {ï¿½tkomst nekad} En process har begï¿½rt ï¿½tkomst till ett objekt, men har inte de rï¿½ttigheter som krï¿½vs. (0xc0000022)
[0502/132253.265:ERROR:exception_snapshot_win.cc(98)] thread ID 14432 not found in process
[0502/132403.655:ERROR:process_reader_win.cc(123)] NtOpenThread: {ï¿½tkomst nekad} En process har begï¿½rt ï¿½tkomst till ett objekt, men har inte de rï¿½ttigheter som krï¿½vs. (0xc0000022)
[0502/132403.655:ERROR:exception_snapshot_win.cc(98)] thread ID 4700 not found in process
[0502/132735.400:ERROR:process_reader_win.cc(123)] NtOpenThread: {ï¿½tkomst nekad} En process har begï¿½rt ï¿½tkomst till ett objekt, men har inte de rï¿½ttigheter som krï¿½vs. (0xc0000022)
[0502/132735.401:ERROR:exception_snapshot_win.cc(98)] thread ID 4000 not found in process
[0502/132913.186:ERROR:process_reader_win.cc(123)] NtOpenThread: {ï¿½tkomst nekad} En process har begï¿½rt ï¿½tkomst till ett objekt, men har inte de rï¿½ttigheter som krï¿½vs. (0xc0000022)
[0502/132913.187:ERROR:exception_snapshot_win.cc(98)] thread ID 9816 not found in process
[0502/133014.261:ERROR:process_reader_win.cc(123)] NtOpenThread: {ï¿½tkomst nekad} En process har begï¿½rt ï¿½tkomst till ett objekt, men har inte de rï¿½ttigheter som krï¿½vs. (0xc0000022)
[0502/133014.262:ERROR:exception_snapshot_win.cc(98)] thread ID 17680 not found in process
[0502/133059.379:ERROR:process_reader_win.cc(123)] NtOpenThread: {ï¿½tkomst nekad} En process har begï¿½rt ï¿½tkomst till ett objekt, men har inte de rï¿½ttigheter som krï¿½vs. (0xc0000022)
[0502/133059.381:ERROR:exception_snapshot_win.cc(98)] thread ID 17868 not found in process
[0502/133230.383:ERROR:process_reader_win.cc(123)] NtOpenThread: {ï¿½tkomst nekad} En process har begï¿½rt ï¿½tkomst till ett objekt, men har inte de rï¿½ttigheter som krï¿½vs. (0xc0000022)
[0502/133230.385:ERROR:exception_snapshot_win.cc(98)] thread ID 17328 not found in process
[0502/145547.709:ERROR:process_reader_win.cc(123)] NtOpenThread: {ï¿½tkomst nekad} En process har begï¿½rt ï¿½tkomst till ett objekt, men har inte de rï¿½ttigheter som krï¿½vs. (0xc0000022)
[0502/145547.715:ERROR:exception_snapshot_win.cc(98)] thread ID 17904 not found in process
[0502/145657.730:ERROR:process_reader_win.cc(151)] SuspendThread: ï¿½tkomst nekad. (0x5)
[0502/145657.730:ERROR:process_reader_win.cc(151)] SuspendThread: ï¿½tkomst nekad. (0x5)
[0502/145657.730:ERROR:process_reader_win.cc(151)] SuspendThread: ï¿½tkomst nekad. (0x5)
[0502/145657.730:ERROR:process_reader_win.cc(151)] SuspendThread: ï¿½tkomst nekad. (0x5)
[0502/145657.730:ERROR:process_reader_win.cc(151)] SuspendThread: ï¿½tkomst nekad. (0x5)
[0502/145657.730:ERROR:process_reader_win.cc(151)] SuspendThread: ï¿½tkomst nekad. (0x5)
[0502/145657.730:ERROR:process_reader_win.cc(151)] SuspendThread: ï¿½tkomst nekad. (0x5)
[0502/145657.730:ERROR:process_reader_win.cc(123)] NtOpenThread: {ï¿½tkomst nekad} En process har begï¿½rt ï¿½tkomst till ett objekt, men har inte de rï¿½ttigheter som krï¿½vs. (0xc0000022)
[0502/145657.730:ERROR:exception_snapshot_win.cc(98)] thread ID 7012 not found in process
[0502/180053.680:ERROR:process_reader_win.cc(123)] NtOpenThread: {ï¿½tkomst nekad} En process har begï¿½rt ï¿½tkomst till ett objekt, men har inte de rï¿½ttigheter som krï¿½vs. (0xc0000022)
[0502/180053.690:ERROR:exception_snapshot_win.cc(98)] thread ID 8448 not found in process
[0508/134157.209:ERROR:process_reader_win.cc(123)] NtOpenThread: {ï¿½tkomst nekad} En process har begï¿½rt ï¿½tkomst till ett objekt, men har inte de rï¿½ttigheter som krï¿½vs. (0xc0000022)
[0508/134157.213:ERROR:exception_snapshot_win.cc(98)] thread ID 4036 not found in process
[0515/103338.107:ERROR:process_reader_win.cc(123)] NtOpenThread: {ï¿½tkomst nekad} En process har begï¿½rt ï¿½tkomst till ett objekt, men har inte de rï¿½ttigheter som krï¿½vs. (0xc0000022)
[0515/103338.109:ERROR:exception_snapshot_win.cc(98)] thread ID 13236 not found in process
[0515/104707.139:ERROR:process_reader_win.cc(151)] SuspendThread: ï¿½tkomst nekad. (0x5)
[0515/104707.140:ERROR:process_reader_win.cc(151)] SuspendThread: ï¿½tkomst nekad. (0x5)
[0515/104707.141:ERROR:process_reader_win.cc(151)] SuspendThread: ï¿½tkomst nekad. (0x5)
[0515/104707.141:ERROR:process_reader_win.cc(151)] SuspendThread: ï¿½tkomst nekad. (0x5)
[0515/104707.141:ERROR:process_reader_win.cc(151)] SuspendThread: ï¿½tkomst nekad. (0x5)
[0515/104707.141:ERROR:process_reader_win.cc(151)] SuspendThread: ï¿½tkomst nekad. (0x5)
[0515/104707.141:ERROR:process_reader_win.cc(151)] SuspendThread: ï¿½tkomst nekad. (0x5)
[0515/104707.141:ERROR:process_reader_win.cc(151)] SuspendThread: ï¿½tkomst nekad. (0x5)
[0515/104707.141:ERROR:process_reader_win.cc(123)] NtOpenThread: {ï¿½tkomst nekad} En process har begï¿½rt ï¿½tkomst till ett objekt, men har inte de rï¿½ttigheter som krï¿½vs. (0xc0000022)
[0515/104707.141:ERROR:exception_snapshot_win.cc(98)] thread ID 3632 not found in process
[0515/111352.899:ERROR:process_reader_win.cc(123)] NtOpenThread: {ï¿½tkomst nekad} En process har begï¿½rt ï¿½tkomst till ett objekt, men har inte de rï¿½ttigheter som krï¿½vs. (0xc0000022)
[0515/111352.900:ERROR:exception_snapshot_win.cc(98)] thread ID 8276 not found in process
[0515/111436.330:ERROR:process_reader_win.cc(123)] NtOpenThread: {ï¿½tkomst nekad} En process har begï¿½rt ï¿½tkomst till ett objekt, men har inte de rï¿½ttigheter som krï¿½vs. (0xc0000022)
[0515/111436.336:ERROR:exception_snapshot_win.cc(98)] thread ID 12948 not found in process
[0515/111911.433:ERROR:process_reader_win.cc(123)] NtOpenThread: {ï¿½tkomst nekad} En process har begï¿½rt ï¿½tkomst till ett objekt, men har inte de rï¿½ttigheter som krï¿½vs. (0xc0000022)
[0515/111911.435:ERROR:exception_snapshot_win.cc(98)] thread ID 1744 not found in process
[0515/112309.507:ERROR:process_reader_win.cc(123)] NtOpenThread: {ï¿½tkomst nekad} En process har begï¿½rt ï¿½tkomst till ett objekt, men har inte de rï¿½ttigheter som krï¿½vs. (0xc0000022)
[0515/112309.512:ERROR:exception_snapshot_win.cc(98)] thread ID 12720 not found in process
[0515/112409.500:ERROR:process_reader_win.cc(151)] SuspendThread: ï¿½tkomst nekad. (0x5)
[0515/112409.502:ERROR:process_reader_win.cc(151)] SuspendThread: ï¿½tkomst nekad. (0x5)
[0515/112409.502:ERROR:process_reader_win.cc(151)] SuspendThread: ï¿½tkomst nekad. (0x5)
[0515/112409.502:ERROR:process_reader_win.cc(151)] SuspendThread: ï¿½tkomst nekad. (0x5)
[0515/112409.502:ERROR:process_reader_win.cc(151)] SuspendThread: ï¿½tkomst nekad. (0x5)
[0515/112409.503:ERROR:process_reader_win.cc(151)] SuspendThread: ï¿½tkomst nekad. (0x5)
[0515/112409.503:ERROR:process_reader_win.cc(151)] SuspendThread: ï¿½tkomst nekad. (0x5)
[0515/112409.503:ERROR:process_reader_win.cc(151)] SuspendThread: ï¿½tkomst nekad. (0x5)
[0515/112409.503:ERROR:process_reader_win.cc(123)] NtOpenThread: {ï¿½tkomst nekad} En process har begï¿½rt ï¿½tkomst till ett objekt, men har inte de rï¿½ttigheter som krï¿½vs. (0xc0000022)
[0515/112409.503:ERROR:exception_snapshot_win.cc(98)] thread ID 916 not found in process
[0515/112707.783:ERROR:process_reader_win.cc(123)] NtOpenThread: {ï¿½tkomst nekad} En process har begï¿½rt ï¿½tkomst till ett objekt, men har inte de rï¿½ttigheter som krï¿½vs. (0xc0000022)
[0515/112707.784:ERROR:exception_snapshot_win.cc(98)] thread ID 7044 not found in process
[0515/112949.144:ERROR:process_reader_win.cc(123)] NtOpenThread: {ï¿½tkomst nekad} En process har begï¿½rt ï¿½tkomst till ett objekt, men har inte de rï¿½ttigheter som krï¿½vs. (0xc0000022)
[0515/112949.145:ERROR:exception_snapshot_win.cc(98)] thread ID 4444 not found in process
[0515/114420.972:ERROR:process_reader_win.cc(123)] NtOpenThread: {ï¿½tkomst nekad} En process har begï¿½rt ï¿½tkomst till ett objekt, men har inte de rï¿½ttigheter som krï¿½vs. (0xc0000022)
[0515/114420.973:ERROR:exception_snapshot_win.cc(98)] thread ID 3460 not found in process
<<<<<<< HEAD
[0515/140441.621:ERROR:process_reader_win.cc(123)] NtOpenThread: {Åtkomst nekad} En process har begärt åtkomst till ett objekt, men har inte de rättigheter som krävs. (0xc0000022)
[0515/140441.623:ERROR:exception_snapshot_win.cc(98)] thread ID 23460 not found in process
[0515/145434.462:ERROR:process_reader_win.cc(151)] SuspendThread: Åtkomst nekad. (0x5)
[0515/145434.472:ERROR:process_reader_win.cc(151)] SuspendThread: Åtkomst nekad. (0x5)
[0515/145434.472:ERROR:process_reader_win.cc(151)] SuspendThread: Åtkomst nekad. (0x5)
[0515/145434.473:ERROR:process_reader_win.cc(151)] SuspendThread: Åtkomst nekad. (0x5)
[0515/145434.473:ERROR:process_reader_win.cc(151)] SuspendThread: Åtkomst nekad. (0x5)
[0515/145434.473:ERROR:process_reader_win.cc(151)] SuspendThread: Åtkomst nekad. (0x5)
[0515/145434.473:ERROR:process_reader_win.cc(151)] SuspendThread: Åtkomst nekad. (0x5)
[0515/145434.473:ERROR:process_reader_win.cc(151)] SuspendThread: Åtkomst nekad. (0x5)
[0515/145434.473:ERROR:process_reader_win.cc(123)] NtOpenThread: {Åtkomst nekad} En process har begärt åtkomst till ett objekt, men har inte de rättigheter som krävs. (0xc0000022)
[0515/145434.484:ERROR:exception_snapshot_win.cc(98)] thread ID 21388 not found in process
[0515/145525.299:ERROR:process_reader_win.cc(151)] SuspendThread: Åtkomst nekad. (0x5)
[0515/145525.304:ERROR:process_reader_win.cc(151)] SuspendThread: Åtkomst nekad. (0x5)
[0515/145525.304:ERROR:process_reader_win.cc(151)] SuspendThread: Åtkomst nekad. (0x5)
[0515/145525.304:ERROR:process_reader_win.cc(151)] SuspendThread: Åtkomst nekad. (0x5)
[0515/145525.304:ERROR:process_reader_win.cc(151)] SuspendThread: Åtkomst nekad. (0x5)
[0515/145525.304:ERROR:process_reader_win.cc(151)] SuspendThread: Åtkomst nekad. (0x5)
[0515/145525.304:ERROR:process_reader_win.cc(151)] SuspendThread: Åtkomst nekad. (0x5)
[0515/145525.304:ERROR:process_reader_win.cc(151)] SuspendThread: Åtkomst nekad. (0x5)
[0515/145525.304:ERROR:process_reader_win.cc(123)] NtOpenThread: {Åtkomst nekad} En process har begärt åtkomst till ett objekt, men har inte de rättigheter som krävs. (0xc0000022)
[0515/145525.304:ERROR:exception_snapshot_win.cc(98)] thread ID 24088 not found in process
[0515/145636.625:ERROR:process_reader_win.cc(123)] NtOpenThread: {Åtkomst nekad} En process har begärt åtkomst till ett objekt, men har inte de rättigheter som krävs. (0xc0000022)
[0515/145636.626:ERROR:exception_snapshot_win.cc(98)] thread ID 29032 not found in process
[0515/145913.777:ERROR:process_reader_win.cc(123)] NtOpenThread: {Åtkomst nekad} En process har begärt åtkomst till ett objekt, men har inte de rättigheter som krävs. (0xc0000022)
[0515/145913.778:ERROR:exception_snapshot_win.cc(98)] thread ID 29160 not found in process
[0515/150009.737:ERROR:process_reader_win.cc(123)] NtOpenThread: {Åtkomst nekad} En process har begärt åtkomst till ett objekt, men har inte de rättigheter som krävs. (0xc0000022)
[0515/150009.739:ERROR:exception_snapshot_win.cc(98)] thread ID 22840 not found in process
[0515/150337.013:ERROR:process_reader_win.cc(123)] NtOpenThread: {Åtkomst nekad} En process har begärt åtkomst till ett objekt, men har inte de rättigheter som krävs. (0xc0000022)
[0515/150337.014:ERROR:exception_snapshot_win.cc(98)] thread ID 25628 not found in process
[0515/150701.878:ERROR:process_reader_win.cc(151)] SuspendThread: Åtkomst nekad. (0x5)
[0515/150701.882:ERROR:process_reader_win.cc(151)] SuspendThread: Åtkomst nekad. (0x5)
[0515/150701.882:ERROR:process_reader_win.cc(151)] SuspendThread: Åtkomst nekad. (0x5)
[0515/150701.883:ERROR:process_reader_win.cc(151)] SuspendThread: Åtkomst nekad. (0x5)
[0515/150701.884:ERROR:process_reader_win.cc(151)] SuspendThread: Åtkomst nekad. (0x5)
[0515/150701.884:ERROR:process_reader_win.cc(151)] SuspendThread: Åtkomst nekad. (0x5)
[0515/150701.884:ERROR:process_reader_win.cc(151)] SuspendThread: Åtkomst nekad. (0x5)
[0515/150701.885:ERROR:process_reader_win.cc(123)] NtOpenThread: {Åtkomst nekad} En process har begärt åtkomst till ett objekt, men har inte de rättigheter som krävs. (0xc0000022)
[0515/150701.885:ERROR:exception_snapshot_win.cc(98)] thread ID 29500 not found in process
[0515/150751.246:ERROR:process_reader_win.cc(123)] NtOpenThread: {Åtkomst nekad} En process har begärt åtkomst till ett objekt, men har inte de rättigheter som krävs. (0xc0000022)
[0515/150751.246:ERROR:exception_snapshot_win.cc(98)] thread ID 27084 not found in process
[0515/151558.616:ERROR:process_reader_win.cc(123)] NtOpenThread: {Åtkomst nekad} En process har begärt åtkomst till ett objekt, men har inte de rättigheter som krävs. (0xc0000022)
[0515/151558.620:ERROR:exception_snapshot_win.cc(98)] thread ID 20028 not found in process
[0515/151648.133:ERROR:process_reader_win.cc(123)] NtOpenThread: {Åtkomst nekad} En process har begärt åtkomst till ett objekt, men har inte de rättigheter som krävs. (0xc0000022)
[0515/151648.134:ERROR:exception_snapshot_win.cc(98)] thread ID 24500 not found in process
[0515/152216.256:ERROR:process_reader_win.cc(151)] SuspendThread: Åtkomst nekad. (0x5)
[0515/152216.268:ERROR:process_reader_win.cc(151)] SuspendThread: Åtkomst nekad. (0x5)
[0515/152216.268:ERROR:process_reader_win.cc(151)] SuspendThread: Åtkomst nekad. (0x5)
[0515/152216.268:ERROR:process_reader_win.cc(151)] SuspendThread: Åtkomst nekad. (0x5)
[0515/152216.268:ERROR:process_reader_win.cc(151)] SuspendThread: Åtkomst nekad. (0x5)
[0515/152216.268:ERROR:process_reader_win.cc(151)] SuspendThread: Åtkomst nekad. (0x5)
[0515/152216.268:ERROR:process_reader_win.cc(151)] SuspendThread: Åtkomst nekad. (0x5)
[0515/152216.268:ERROR:process_reader_win.cc(151)] SuspendThread: Åtkomst nekad. (0x5)
[0515/152216.268:ERROR:process_reader_win.cc(123)] NtOpenThread: {Åtkomst nekad} En process har begärt åtkomst till ett objekt, men har inte de rättigheter som krävs. (0xc0000022)
[0515/152216.268:ERROR:exception_snapshot_win.cc(98)] thread ID 22172 not found in process
[0515/152336.613:ERROR:process_reader_win.cc(123)] NtOpenThread: {Åtkomst nekad} En process har begärt åtkomst till ett objekt, men har inte de rättigheter som krävs. (0xc0000022)
[0515/152336.619:ERROR:exception_snapshot_win.cc(98)] thread ID 29296 not found in process
[0515/152630.757:ERROR:process_reader_win.cc(123)] NtOpenThread: {Åtkomst nekad} En process har begärt åtkomst till ett objekt, men har inte de rättigheter som krävs. (0xc0000022)
[0515/152630.759:ERROR:exception_snapshot_win.cc(98)] thread ID 22044 not found in process
[0516/072104.434:ERROR:process_reader_win.cc(123)] NtOpenThread: {Åtkomst nekad} En process har begärt åtkomst till ett objekt, men har inte de rättigheter som krävs. (0xc0000022)
[0516/072104.434:ERROR:exception_snapshot_win.cc(98)] thread ID 22784 not found in process
[0516/072213.451:ERROR:process_reader_win.cc(123)] NtOpenThread: {Åtkomst nekad} En process har begärt åtkomst till ett objekt, men har inte de rättigheter som krävs. (0xc0000022)
[0516/072213.451:ERROR:exception_snapshot_win.cc(98)] thread ID 22152 not found in process
[0516/072626.024:ERROR:process_reader_win.cc(151)] SuspendThread: Åtkomst nekad. (0x5)
[0516/072626.024:ERROR:process_reader_win.cc(151)] SuspendThread: Åtkomst nekad. (0x5)
[0516/072626.024:ERROR:process_reader_win.cc(151)] SuspendThread: Åtkomst nekad. (0x5)
[0516/072626.024:ERROR:process_reader_win.cc(151)] SuspendThread: Åtkomst nekad. (0x5)
[0516/072626.024:ERROR:process_reader_win.cc(151)] SuspendThread: Åtkomst nekad. (0x5)
[0516/072626.024:ERROR:process_reader_win.cc(151)] SuspendThread: Åtkomst nekad. (0x5)
[0516/072626.024:ERROR:process_reader_win.cc(151)] SuspendThread: Åtkomst nekad. (0x5)
[0516/072626.024:ERROR:process_reader_win.cc(151)] SuspendThread: Åtkomst nekad. (0x5)
[0516/072626.024:ERROR:process_reader_win.cc(123)] NtOpenThread: {Åtkomst nekad} En process har begärt åtkomst till ett objekt, men har inte de rättigheter som krävs. (0xc0000022)
[0516/072626.024:ERROR:exception_snapshot_win.cc(98)] thread ID 29640 not found in process
[0516/072836.960:ERROR:process_reader_win.cc(123)] NtOpenThread: {Åtkomst nekad} En process har begärt åtkomst till ett objekt, men har inte de rättigheter som krävs. (0xc0000022)
[0516/072836.976:ERROR:exception_snapshot_win.cc(98)] thread ID 25996 not found in process
[0516/073652.394:ERROR:process_reader_win.cc(123)] NtOpenThread: {Åtkomst nekad} En process har begärt åtkomst till ett objekt, men har inte de rättigheter som krävs. (0xc0000022)
[0516/073652.395:ERROR:exception_snapshot_win.cc(98)] thread ID 27620 not found in process
[0516/073908.435:ERROR:process_reader_win.cc(123)] NtOpenThread: {Åtkomst nekad} En process har begärt åtkomst till ett objekt, men har inte de rättigheter som krävs. (0xc0000022)
[0516/073908.435:ERROR:exception_snapshot_win.cc(98)] thread ID 18908 not found in process
[0516/074347.277:ERROR:process_reader_win.cc(123)] NtOpenThread: {Åtkomst nekad} En process har begärt åtkomst till ett objekt, men har inte de rättigheter som krävs. (0xc0000022)
[0516/074347.279:ERROR:exception_snapshot_win.cc(98)] thread ID 3340 not found in process
[0516/074841.384:ERROR:process_reader_win.cc(123)] NtOpenThread: {Åtkomst nekad} En process har begärt åtkomst till ett objekt, men har inte de rättigheter som krävs. (0xc0000022)
[0516/074841.385:ERROR:exception_snapshot_win.cc(98)] thread ID 23316 not found in process
[0516/074917.261:ERROR:process_reader_win.cc(123)] NtOpenThread: {Åtkomst nekad} En process har begärt åtkomst till ett objekt, men har inte de rättigheter som krävs. (0xc0000022)
[0516/074917.262:ERROR:exception_snapshot_win.cc(98)] thread ID 24540 not found in process
[0516/085624.494:ERROR:process_reader_win.cc(123)] NtOpenThread: {Åtkomst nekad} En process har begärt åtkomst till ett objekt, men har inte de rättigheter som krävs. (0xc0000022)
[0516/085624.494:ERROR:exception_snapshot_win.cc(98)] thread ID 6992 not found in process
[0516/085745.733:ERROR:process_reader_win.cc(151)] SuspendThread: Åtkomst nekad. (0x5)
[0516/085745.734:ERROR:process_reader_win.cc(151)] SuspendThread: Åtkomst nekad. (0x5)
[0516/085745.734:ERROR:process_reader_win.cc(151)] SuspendThread: Åtkomst nekad. (0x5)
[0516/085745.734:ERROR:process_reader_win.cc(151)] SuspendThread: Åtkomst nekad. (0x5)
[0516/085745.734:ERROR:process_reader_win.cc(151)] SuspendThread: Åtkomst nekad. (0x5)
[0516/085745.734:ERROR:process_reader_win.cc(151)] SuspendThread: Åtkomst nekad. (0x5)
[0516/085745.734:ERROR:process_reader_win.cc(151)] SuspendThread: Åtkomst nekad. (0x5)
[0516/085745.734:ERROR:process_reader_win.cc(123)] NtOpenThread: {Åtkomst nekad} En process har begärt åtkomst till ett objekt, men har inte de rättigheter som krävs. (0xc0000022)
[0516/085745.734:ERROR:exception_snapshot_win.cc(98)] thread ID 6444 not found in process
[0516/090219.583:ERROR:process_reader_win.cc(123)] NtOpenThread: {Åtkomst nekad} En process har begärt åtkomst till ett objekt, men har inte de rättigheter som krävs. (0xc0000022)
[0516/090219.589:ERROR:exception_snapshot_win.cc(98)] thread ID 1120 not found in process
[0516/091005.968:ERROR:process_reader_win.cc(123)] NtOpenThread: {Åtkomst nekad} En process har begärt åtkomst till ett objekt, men har inte de rättigheter som krävs. (0xc0000022)
[0516/091005.968:ERROR:exception_snapshot_win.cc(98)] thread ID 10588 not found in process
[0516/092531.081:ERROR:process_reader_win.cc(123)] NtOpenThread: {Åtkomst nekad} En process har begärt åtkomst till ett objekt, men har inte de rättigheter som krävs. (0xc0000022)
[0516/092531.082:ERROR:exception_snapshot_win.cc(98)] thread ID 7372 not found in process
[0516/092715.570:ERROR:process_reader_win.cc(123)] NtOpenThread: {Åtkomst nekad} En process har begärt åtkomst till ett objekt, men har inte de rättigheter som krävs. (0xc0000022)
[0516/092715.574:ERROR:exception_snapshot_win.cc(98)] thread ID 2644 not found in process
[0516/092940.149:ERROR:process_reader_win.cc(151)] SuspendThread: Åtkomst nekad. (0x5)
[0516/092940.154:ERROR:process_reader_win.cc(151)] SuspendThread: Åtkomst nekad. (0x5)
[0516/092940.154:ERROR:process_reader_win.cc(123)] NtOpenThread: {Åtkomst nekad} En process har begärt åtkomst till ett objekt, men har inte de rättigheter som krävs. (0xc0000022)
[0516/092940.156:ERROR:exception_snapshot_win.cc(98)] thread ID 9992 not found in process
[0516/093108.651:ERROR:process_reader_win.cc(123)] NtOpenThread: {Åtkomst nekad} En process har begärt åtkomst till ett objekt, men har inte de rättigheter som krävs. (0xc0000022)
[0516/093108.652:ERROR:exception_snapshot_win.cc(98)] thread ID 9872 not found in process
[0516/093208.663:ERROR:process_reader_win.cc(123)] NtOpenThread: {Åtkomst nekad} En process har begärt åtkomst till ett objekt, men har inte de rättigheter som krävs. (0xc0000022)
[0516/093208.664:ERROR:exception_snapshot_win.cc(98)] thread ID 8196 not found in process
[0516/093246.648:ERROR:process_reader_win.cc(123)] NtOpenThread: {Åtkomst nekad} En process har begärt åtkomst till ett objekt, men har inte de rättigheter som krävs. (0xc0000022)
[0516/093246.648:ERROR:exception_snapshot_win.cc(98)] thread ID 4176 not found in process
[0516/093828.665:ERROR:process_reader_win.cc(123)] NtOpenThread: {Åtkomst nekad} En process har begärt åtkomst till ett objekt, men har inte de rättigheter som krävs. (0xc0000022)
[0516/093828.666:ERROR:exception_snapshot_win.cc(98)] thread ID 2940 not found in process
[0516/093858.103:ERROR:process_reader_win.cc(123)] NtOpenThread: {Åtkomst nekad} En process har begärt åtkomst till ett objekt, men har inte de rättigheter som krävs. (0xc0000022)
[0516/093858.103:ERROR:exception_snapshot_win.cc(98)] thread ID 5256 not found in process
[0516/093929.253:ERROR:process_reader_win.cc(123)] NtOpenThread: {Åtkomst nekad} En process har begärt åtkomst till ett objekt, men har inte de rättigheter som krävs. (0xc0000022)
[0516/093929.254:ERROR:exception_snapshot_win.cc(98)] thread ID 5708 not found in process
[0516/094003.513:ERROR:process_reader_win.cc(123)] NtOpenThread: {Åtkomst nekad} En process har begärt åtkomst till ett objekt, men har inte de rättigheter som krävs. (0xc0000022)
[0516/094003.518:ERROR:exception_snapshot_win.cc(98)] thread ID 3688 not found in process
[0516/094050.634:ERROR:process_reader_win.cc(123)] NtOpenThread: {Åtkomst nekad} En process har begärt åtkomst till ett objekt, men har inte de rättigheter som krävs. (0xc0000022)
[0516/094050.635:ERROR:exception_snapshot_win.cc(98)] thread ID 7720 not found in process
[0516/094141.506:ERROR:process_reader_win.cc(123)] NtOpenThread: {Åtkomst nekad} En process har begärt åtkomst till ett objekt, men har inte de rättigheter som krävs. (0xc0000022)
[0516/094141.507:ERROR:exception_snapshot_win.cc(98)] thread ID 8792 not found in process
[0516/094428.791:ERROR:process_reader_win.cc(123)] NtOpenThread: {Åtkomst nekad} En process har begärt åtkomst till ett objekt, men har inte de rättigheter som krävs. (0xc0000022)
[0516/094428.791:ERROR:exception_snapshot_win.cc(98)] thread ID 796 not found in process
[0516/094500.856:ERROR:process_reader_win.cc(123)] NtOpenThread: {Åtkomst nekad} En process har begärt åtkomst till ett objekt, men har inte de rättigheter som krävs. (0xc0000022)
[0516/094500.856:ERROR:exception_snapshot_win.cc(98)] thread ID 11748 not found in process
[0516/095019.947:ERROR:process_reader_win.cc(123)] NtOpenThread: {Åtkomst nekad} En process har begärt åtkomst till ett objekt, men har inte de rättigheter som krävs. (0xc0000022)
[0516/095019.952:ERROR:exception_snapshot_win.cc(98)] thread ID 4444 not found in process
[0516/095314.283:ERROR:process_reader_win.cc(123)] NtOpenThread: {Åtkomst nekad} En process har begärt åtkomst till ett objekt, men har inte de rättigheter som krävs. (0xc0000022)
[0516/095314.287:ERROR:exception_snapshot_win.cc(98)] thread ID 10216 not found in process
[0516/095455.226:ERROR:process_reader_win.cc(123)] NtOpenThread: {Åtkomst nekad} En process har begärt åtkomst till ett objekt, men har inte de rättigheter som krävs. (0xc0000022)
[0516/095455.229:ERROR:exception_snapshot_win.cc(98)] thread ID 2476 not found in process
[0516/095953.412:ERROR:process_reader_win.cc(123)] NtOpenThread: {Åtkomst nekad} En process har begärt åtkomst till ett objekt, men har inte de rättigheter som krävs. (0xc0000022)
[0516/095953.420:ERROR:exception_snapshot_win.cc(98)] thread ID 7264 not found in process
[0516/100227.121:ERROR:process_reader_win.cc(123)] NtOpenThread: {Åtkomst nekad} En process har begärt åtkomst till ett objekt, men har inte de rättigheter som krävs. (0xc0000022)
[0516/100227.131:ERROR:exception_snapshot_win.cc(98)] thread ID 8316 not found in process
[0516/100331.839:ERROR:process_reader_win.cc(123)] NtOpenThread: {Åtkomst nekad} En process har begärt åtkomst till ett objekt, men har inte de rättigheter som krävs. (0xc0000022)
[0516/100331.842:ERROR:exception_snapshot_win.cc(98)] thread ID 3304 not found in process
[0516/100556.378:ERROR:process_reader_win.cc(123)] NtOpenThread: {Åtkomst nekad} En process har begärt åtkomst till ett objekt, men har inte de rättigheter som krävs. (0xc0000022)
[0516/100556.383:ERROR:exception_snapshot_win.cc(98)] thread ID 2584 not found in process
[0516/100638.034:ERROR:process_reader_win.cc(123)] NtOpenThread: {Åtkomst nekad} En process har begärt åtkomst till ett objekt, men har inte de rättigheter som krävs. (0xc0000022)
[0516/100638.034:ERROR:exception_snapshot_win.cc(98)] thread ID 2304 not found in process
[0516/101557.079:ERROR:process_reader_win.cc(123)] NtOpenThread: {Åtkomst nekad} En process har begärt åtkomst till ett objekt, men har inte de rättigheter som krävs. (0xc0000022)
[0516/101557.080:ERROR:exception_snapshot_win.cc(98)] thread ID 12456 not found in process
[0516/101749.193:ERROR:process_reader_win.cc(123)] NtOpenThread: {Åtkomst nekad} En process har begärt åtkomst till ett objekt, men har inte de rättigheter som krävs. (0xc0000022)
[0516/101749.195:ERROR:exception_snapshot_win.cc(98)] thread ID 13244 not found in process
[0516/110615.141:ERROR:process_reader_win.cc(123)] NtOpenThread: {Åtkomst nekad} En process har begärt åtkomst till ett objekt, men har inte de rättigheter som krävs. (0xc0000022)
[0516/110615.142:ERROR:exception_snapshot_win.cc(98)] thread ID 4800 not found in process
[0516/111603.311:ERROR:process_reader_win.cc(123)] NtOpenThread: {Åtkomst nekad} En process har begärt åtkomst till ett objekt, men har inte de rättigheter som krävs. (0xc0000022)
[0516/111603.312:ERROR:exception_snapshot_win.cc(98)] thread ID 12896 not found in process
[0516/112611.533:ERROR:process_reader_win.cc(123)] NtOpenThread: {Åtkomst nekad} En process har begärt åtkomst till ett objekt, men har inte de rättigheter som krävs. (0xc0000022)
[0516/112611.534:ERROR:exception_snapshot_win.cc(98)] thread ID 12912 not found in process
=======
[0515/132952.134:ERROR:process_reader_win.cc(151)] SuspendThread: Åtkomst nekad. (0x5)
[0515/132952.143:ERROR:process_reader_win.cc(151)] SuspendThread: Åtkomst nekad. (0x5)
[0515/132952.143:ERROR:process_reader_win.cc(151)] SuspendThread: Åtkomst nekad. (0x5)
[0515/132952.143:ERROR:process_reader_win.cc(151)] SuspendThread: Åtkomst nekad. (0x5)
[0515/132952.143:ERROR:process_reader_win.cc(123)] NtOpenThread: {Åtkomst nekad} En process har begärt åtkomst till ett objekt, men har inte de rättigheter som krävs. (0xc0000022)
[0515/132952.144:ERROR:exception_snapshot_win.cc(98)] thread ID 13216 not found in process
[0515/132952.141:ERROR:process_reader_win.cc(151)] SuspendThread: Åtkomst nekad. (0x5)
[0515/132952.145:ERROR:process_reader_win.cc(151)] SuspendThread: Åtkomst nekad. (0x5)
[0515/132952.146:ERROR:process_reader_win.cc(151)] SuspendThread: Åtkomst nekad. (0x5)
[0515/132952.146:ERROR:process_reader_win.cc(151)] SuspendThread: Åtkomst nekad. (0x5)
[0515/132952.146:ERROR:process_reader_win.cc(123)] NtOpenThread: {Åtkomst nekad} En process har begärt åtkomst till ett objekt, men har inte de rättigheter som krävs. (0xc0000022)
[0515/132952.146:ERROR:exception_snapshot_win.cc(98)] thread ID 12292 not found in process
[0515/132952.146:ERROR:process_reader_win.cc(151)] SuspendThread: Åtkomst nekad. (0x5)
[0515/132952.148:ERROR:process_reader_win.cc(151)] SuspendThread: Åtkomst nekad. (0x5)
[0515/132952.148:ERROR:process_reader_win.cc(151)] SuspendThread: Åtkomst nekad. (0x5)
[0515/132952.148:ERROR:process_reader_win.cc(151)] SuspendThread: Åtkomst nekad. (0x5)
[0515/132952.148:ERROR:process_reader_win.cc(123)] NtOpenThread: {Åtkomst nekad} En process har begärt åtkomst till ett objekt, men har inte de rättigheter som krävs. (0xc0000022)
[0515/132952.149:ERROR:exception_snapshot_win.cc(98)] thread ID 4104 not found in process
>>>>>>> ec7ecf0fa4ea92fb2f939514de80b8f182b50c9a
[0519/211512.549:ERROR:process_reader_win.cc(123)] NtOpenThread: {Åtkomst nekad} En process har begärt åtkomst till ett objekt, men har inte de rättigheter som krävs. (0xc0000022)
[0519/211512.552:ERROR:exception_snapshot_win.cc(98)] thread ID 12284 not found in process
[0519/211512.676:ERROR:process_reader_win.cc(151)] SuspendThread: Åtkomst nekad. (0x5)
[0519/211512.704:ERROR:process_reader_win.cc(151)] SuspendThread: Åtkomst nekad. (0x5)
[0519/211512.704:ERROR:process_reader_win.cc(151)] SuspendThread: Åtkomst nekad. (0x5)
[0519/211512.704:ERROR:process_reader_win.cc(123)] NtOpenThread: {Åtkomst nekad} En process har begärt åtkomst till ett objekt, men har inte de rättigheter som krävs. (0xc0000022)
[0519/211512.705:ERROR:exception_snapshot_win.cc(98)] thread ID 8604 not found in process
